parking_studio/app/build/outputs/logs/manifest-merger-debug-report.txt
-- Merging decision tree log ---
manifest
ADDED from src/main/AndroidManifest.xml:2:1-191:12
	package
		ADDED from src/main/AndroidManifest.xml:3:5-34
		INJECTED from src/main/AndroidManifest.xml
		INJECTED from src/main/AndroidManifest.xml
	android:versionName
		ADDED from src/main/AndroidManifest.xml:5:5-30
		INJECTED from src/main/AndroidManifest.xml
		INJECTED from src/main/AndroidManifest.xml
	android:versionCode
		ADDED from src/main/AndroidManifest.xml:4:5-28
		INJECTED from src/main/AndroidManifest.xml
		INJECTED from src/main/AndroidManifest.xml
	xmlns:android
		ADDED from src/main/AndroidManifest.xml:2:11-69
uses-permission#android.permission.SERIAL_PORT
ADDED from src/main/AndroidManifest.xml:6:5-69
	android:name
		ADDED from src/main/AndroidManifest.xml:6:22-67
uses-permission#android.permission.CAMERA
ADDED from src/main/AndroidManifest.xml:7:5-65
	android:name
		ADDED from src/main/AndroidManifest.xml:7:22-62
uses-permission#android.permission.ACCESS_FINE_LOCATION
ADDED from src/main/AndroidManifest.xml:8:5-78
	android:name
		ADDED from src/main/AndroidManifest.xml:8:22-76
uses-permission#android.permission.ACCESS_COARSE_LOCATION
ADDED from src/main/AndroidManifest.xml:9:4-80
	android:name
		ADDED from src/main/AndroidManifest.xml:9:21-77
uses-permission#android.permission.READ_PHONE_STATE
ADDED from src/main/AndroidManifest.xml:11:4-73
	android:name
		ADDED from src/main/AndroidManifest.xml:11:21-71
uses-permission#android.permission.VIBRATE
ADDED from src/main/AndroidManifest.xml:14:1-62
	android:name
		ADDED from src/main/AndroidManifest.xml:14:18-59
uses-feature#android.hardware.camera
ADDED from src/main/AndroidManifest.xml:16:1-56
	android:name
		ADDED from src/main/AndroidManifest.xml:16:15-53
uses-feature#android.hardware.camera.autofocus
ADDED from src/main/AndroidManifest.xml:17:1-66
	android:name
		ADDED from src/main/AndroidManifest.xml:17:15-63
uses-permission#android.permission.INTERNET
ADDED from src/main/AndroidManifest.xml:20:1-63
	android:name
		ADDED from src/main/AndroidManifest.xml:20:18-60
uses-permission#android.permission.WRITE_EXTERNAL_STORAGE
ADDED from src/main/AndroidManifest.xml:21:1-77
	android:name
		ADDED from src/main/AndroidManifest.xml:21:18-74
uses-permission#android.permission.ACCESS_NETWORK_STATE
ADDED from src/main/AndroidManifest.xml:22:1-75
	android:name
		ADDED from src/main/AndroidManifest.xml:22:18-72
uses-permission#android.permission.ACCESS_WIFI_STATE
ADDED from src/main/AndroidManifest.xml:23:1-72
	android:name
		ADDED from src/main/AndroidManifest.xml:23:18-69
uses-permission#android.permission.ACCESS_LOCATION_EXTRA_COMMANDS
ADDED from src/main/AndroidManifest.xml:28:1-85
	android:name
		ADDED from src/main/AndroidManifest.xml:28:18-82
uses-permission#android.permission.CHANGE_WIFI_STATE
ADDED from src/main/AndroidManifest.xml:29:1-72
	android:name
		ADDED from src/main/AndroidManifest.xml:29:18-69
uses-permission#android.permission.CHANGE_CONFIGURATION
ADDED from src/main/AndroidManifest.xml:30:1-75
	android:name
		ADDED from src/main/AndroidManifest.xml:30:18-72
uses-permission#android.permission.WRITE_SETTINGS
ADDED from src/main/AndroidManifest.xml:31:1-69
	android:name
		ADDED from src/main/AndroidManifest.xml:31:18-66
uses-sdk
ADDED from src/main/AndroidManifest.xml:32:5-34:41
	android:targetSdkVersion
		ADDED from src/main/AndroidManifest.xml:34:9-38
		INJECTED from src/main/AndroidManifest.xml
		INJECTED from src/main/AndroidManifest.xml
	android:minSdkVersion
		ADDED from src/main/AndroidManifest.xml:33:9-35
		INJECTED from src/main/AndroidManifest.xml
		INJECTED from src/main/AndroidManifest.xml
application
ADDED from src/main/AndroidManifest.xml:36:5-189:19
	android:label
		ADDED from src/main/AndroidManifest.xml:39:9-41
	android:allowBackup
		ADDED from src/main/AndroidManifest.xml:37:9-35
	android:icon
		ADDED from src/main/AndroidManifest.xml:38:9-41
	android:theme
		ADDED from src/main/AndroidManifest.xml:40:9-40
meta-data#com.amap.api.v2.apikey
ADDED from src/main/AndroidManifest.xml:41:9-43:64
	android:value
		ADDED from src/main/AndroidManifest.xml:43:13-61
	android:name
		ADDED from src/main/AndroidManifest.xml:42:13-50
service#com.amap.api.location.APSService
ADDED from src/main/AndroidManifest.xml:45:9-76
	android:name
		ADDED from src/main/AndroidManifest.xml:45:18-65
activity#com.example.parking.view.LoginActivity
ADDED from src/main/AndroidManifest.xml:46:9-55:20
	android:label
		ADDED from src/main/AndroidManifest.xml:49:13-32
	android:windowSoftInputMode
		ADDED from src/main/AndroidManifest.xml:50:13-64
	android:theme
		ADDED from src/main/AndroidManifest.xml:48:13-46
	android:name
		ADDED from src/main/AndroidManifest.xml:47:13-66
intent-filter#android.intent.action.MAIN+android.intent.category.LAUNCHER
ADDED from src/main/AndroidManifest.xml:51:14-54:29
action#android.intent.action.MAIN
ADDED from src/main/AndroidManifest.xml:52:13-65
	android:name
		ADDED from src/main/AndroidManifest.xml:52:21-62
category#android.intent.category.LAUNCHER
ADDED from src/main/AndroidManifest.xml:53:13-73
	android:name
		ADDED from src/main/AndroidManifest.xml:53:23-70
activity#com.example.parking.view.MainActivity
ADDED from src/main/AndroidManifest.xml:56:9-60:20
	android:label
		ADDED from src/main/AndroidManifest.xml:59:13-39
	android:theme
		ADDED from src/main/AndroidManifest.xml:58:13-46
	android:name
		ADDED from src/main/AndroidManifest.xml:57:13-65
activity#com.example.parking.view.InputLicenseActivity
ADDED from src/main/AndroidManifest.xml:61:9-69:20
	android:label
		ADDED from src/main/AndroidManifest.xml:64:13-33
	android:theme
		ADDED from src/main/AndroidManifest.xml:63:13-46
	android:name
		ADDED from src/main/AndroidManifest.xml:62:13-73
meta-data#android.support.PARENT_ACTIVITY
ADDED from src/main/AndroidManifest.xml:65:13-68:25
	android:value
		ADDED from src/main/AndroidManifest.xml:67:17-70
	android:name
		ADDED from src/main/AndroidManifest.xml:66:17-63
activity#com.example.parking.view.ParkingInformationActivity
ADDED from src/main/AndroidManifest.xml:70:9-78:20
	android:label
		ADDED from src/main/AndroidManifest.xml:73:13-33
	android:theme
		ADDED from src/main/AndroidManifest.xml:72:13-46
	android:name
		ADDED from src/main/AndroidManifest.xml:71:13-79
activity#com.example.parking.view.ParkingSpaceActivity
ADDED from src/main/AndroidManifest.xml:79:9-87:20
	android:label
		ADDED from src/main/AndroidManifest.xml:82:13-33
	android:theme
		ADDED from src/main/AndroidManifest.xml:81:13-46
	android:name
		ADDED from src/main/AndroidManifest.xml:80:13-73
activity#com.example.parking.view.ParkingSpaceDetailActivity
ADDED from src/main/AndroidManifest.xml:88:10-96:20
	android:label
		ADDED from src/main/AndroidManifest.xml:91:13-33
	android:theme
		ADDED from src/main/AndroidManifest.xml:90:13-46
	android:name
		ADDED from src/main/AndroidManifest.xml:89:13-79
activity#com.example.parking.view.TodayRecordActivity
ADDED from src/main/AndroidManifest.xml:97:9-105:20
	android:label
		ADDED from src/main/AndroidManifest.xml:100:13-33
	android:theme
		ADDED from src/main/AndroidManifest.xml:99:13-46
	android:name
		ADDED from src/main/AndroidManifest.xml:98:13-72
activity#com.example.parking.view.ParkingHistorySearchActivity
ADDED from src/main/AndroidManifest.xml:106:10-114:20
	android:label
		ADDED from src/main/AndroidManifest.xml:109:13-33
	android:theme
		ADDED from src/main/AndroidManifest.xml:108:13-46
	android:name
		ADDED from src/main/AndroidManifest.xml:107:13-81
activity#com.example.parking.view.UnfinishedParkingRecordActivity
ADDED from src/main/AndroidManifest.xml:115:9-123:20
	android:label
		ADDED from src/main/AndroidManifest.xml:118:13-33
	android:theme
		ADDED from src/main/AndroidManifest.xml:117:13-46
	android:name
		ADDED from src/main/AndroidManifest.xml:116:13-84
activity#com.example.parking.view.LeavingActivity
ADDED from src/main/AndroidManifest.xml:124:9-128:20
	android:label
		ADDED from src/main/AndroidManifest.xml:127:13-33
	android:theme
		ADDED from src/main/AndroidManifest.xml:126:13-46
	android:name
		ADDED from src/main/AndroidManifest.xml:125:13-68
activity#com.example.parking.view.PrintPreviewActivity
ADDED from src/main/AndroidManifest.xml:129:9-133:20
	android:label
		ADDED from src/main/AndroidManifest.xml:132:13-33
	android:theme
		ADDED from src/main/AndroidManifest.xml:131:13-46
	android:name
		ADDED from src/main/AndroidManifest.xml:130:13-73
activity#com.example.parking.view.MobilePaymentActivity
ADDED from src/main/AndroidManifest.xml:134:9-142:20
	android:label
		ADDED from src/main/AndroidManifest.xml:137:13-33
	android:theme
		ADDED from src/main/AndroidManifest.xml:136:13-46
	android:name
		ADDED from src/main/AndroidManifest.xml:135:13-74
activity#com.example.parking.view.CaptureActivity
ADDED from src/main/AndroidManifest.xml:143:9-147:20
	android:screenOrientation
		ADDED from src/main/AndroidManifest.xml:146:14-50
	android:label
		ADDED from src/main/AndroidManifest.xml:145:14-35
	android:windowSoftInputMode
		ADDED from src/main/AndroidManifest.xml:146:51-98
	android:configChanges
		ADDED from src/main/AndroidManifest.xml:145:36-86
	android:name
		ADDED from src/main/AndroidManifest.xml:144:13-68
activity#com.example.parking.view.MobilePaymentSuccessActivity
ADDED from src/main/AndroidManifest.xml:148:9-156:20
	android:label
		ADDED from src/main/AndroidManifest.xml:151:13-33
	android:theme
		ADDED from src/main/AndroidManifest.xml:150:13-46
	android:name
		ADDED from src/main/AndroidManifest.xml:149:13-81
activity#com.example.parking.view.WorkAttendanceActivity
ADDED from src/main/AndroidManifest.xml:157:10-161:20
	android:label
		ADDED from src/main/AndroidManifest.xml:160:13-33
	android:theme
		ADDED from src/main/AndroidManifest.xml:159:13-46
	android:name
		ADDED from src/main/AndroidManifest.xml:158:13-75
activity#com.example.parking.view.UserCenterActivity
ADDED from src/main/AndroidManifest.xml:162:10-170:20
	android:label
		ADDED from src/main/AndroidManifest.xml:165:13-33
	android:theme
		ADDED from src/main/AndroidManifest.xml:164:13-46
	android:name
		ADDED from src/main/AndroidManifest.xml:163:13-71
activity#com.example.parking.view.MessageCenterActivity
ADDED from src/main/AndroidManifest.xml:171:10-179:20
	android:label
		ADDED from src/main/AndroidManifest.xml:174:13-33
	android:theme
		ADDED from src/main/AndroidManifest.xml:173:13-46
	android:name
		ADDED from src/main/AndroidManifest.xml:172:13-74
activity#com.example.parking.view.ResetPasswdActivity
ADDED from src/main/AndroidManifest.xml:180:9-188:20
	android:label
		ADDED from src/main/AndroidManifest.xml:183:14-34
	android:theme
		ADDED from src/main/AndroidManifest.xml:182:13-46
	android:name
		ADDED from src/main/AndroidManifest.xml:181:13-72